<?xml version="1.0" encoding="UTF-8"?>
<!-- Generated by org.testng.reporters.JUnitReportReporter -->
<testsuite hostname="TEJAS" failures="0" tests="1" name="com.crm.FinalMock.facebookAccountCreate" time="19.591" errors="0" timestamp="2024-12-12T15:39:20 IST" skipped="0">
  <testcase classname="com.crm.FinalMock.facebookAccountCreate" name="createAccount" time="19.591"/>
</testsuite> <!-- com.crm.FinalMock.facebookAccountCreate -->
