<?xml version="1.0" encoding="UTF-8"?>
<!-- Generated by org.testng.reporters.JUnitReportReporter -->
<testsuite hostname="TEJAS" failures="0" tests="1" name="com.crm.FinalMock.Baseclassrun" time="7.364" errors="0" timestamp="2024-12-11T15:41:36 IST" skipped="0">
  <testcase classname="com.crm.FinalMock.Baseclassrun" name="main" time="7.364"/>
</testsuite> <!-- com.crm.FinalMock.Baseclassrun -->
